0 info it worked if it ends with ok
1 verbose cli [ '/usr/bin/nodejs', '/usr/bin/npm', 'run', 'publish' ]
2 info using npm@4.1.2
3 info using node@v7.7.3
4 verbose run-script [ 'prepublish', 'publish', 'postpublish' ]
5 info lifecycle react-node-starter@1.0.0~prepublish: react-node-starter@1.0.0
6 silly lifecycle react-node-starter@1.0.0~prepublish: no script for prepublish, continuing
7 info lifecycle react-node-starter@1.0.0~publish: react-node-starter@1.0.0
8 verbose lifecycle react-node-starter@1.0.0~publish: unsafe-perm in lifecycle true
9 verbose lifecycle react-node-starter@1.0.0~publish: PATH: /usr/lib/node_modules/npm/bin/node-gyp-bin:/home/vlad/simply/week-schedule/node_modules/.bin:/home/vlad/bin:/home/vlad/.local/bin:/usr/local/sbin:/usr/local/bin:/usr/sbin:/usr/bin:/sbin:/bin:/usr/games:/usr/local/games:/snap/bin
10 verbose lifecycle react-node-starter@1.0.0~publish: CWD: /home/vlad/simply/week-schedule
11 silly lifecycle react-node-starter@1.0.0~publish: Args: [ '-c',
11 silly lifecycle   'git add . && git commit -m "deploy" && git push heroku master && rm ./public/bundle.js' ]
12 silly lifecycle react-node-starter@1.0.0~publish: Returned: code: 1  signal: null
13 info lifecycle react-node-starter@1.0.0~publish: Failed to exec publish script
14 verbose stack Error: react-node-starter@1.0.0 publish: `git add . && git commit -m "deploy" && git push heroku master && rm ./public/bundle.js`
14 verbose stack Exit status 1
14 verbose stack     at EventEmitter.<anonymous> (/usr/lib/node_modules/npm/lib/utils/lifecycle.js:279:16)
14 verbose stack     at emitTwo (events.js:106:13)
14 verbose stack     at EventEmitter.emit (events.js:194:7)
14 verbose stack     at ChildProcess.<anonymous> (/usr/lib/node_modules/npm/lib/utils/spawn.js:40:14)
14 verbose stack     at emitTwo (events.js:106:13)
14 verbose stack     at ChildProcess.emit (events.js:194:7)
14 verbose stack     at maybeClose (internal/child_process.js:899:16)
14 verbose stack     at Process.ChildProcess._handle.onexit (internal/child_process.js:226:5)
15 verbose pkgid react-node-starter@1.0.0
16 verbose cwd /home/vlad/simply/week-schedule
17 error Linux 4.8.0-58-generic
18 error argv "/usr/bin/nodejs" "/usr/bin/npm" "run" "publish"
19 error node v7.7.3
20 error npm  v4.1.2
21 error code ELIFECYCLE
22 error react-node-starter@1.0.0 publish: `git add . && git commit -m "deploy" && git push heroku master && rm ./public/bundle.js`
22 error Exit status 1
23 error Failed at the react-node-starter@1.0.0 publish script 'git add . && git commit -m "deploy" && git push heroku master && rm ./public/bundle.js'.
23 error Make sure you have the latest version of node.js and npm installed.
23 error If you do, this is most likely a problem with the react-node-starter package,
23 error not with npm itself.
23 error Tell the author that this fails on your system:
23 error     git add . && git commit -m "deploy" && git push heroku master && rm ./public/bundle.js
23 error You can get information on how to open an issue for this project with:
23 error     npm bugs react-node-starter
23 error Or if that isn't available, you can get their info via:
23 error     npm owner ls react-node-starter
23 error There is likely additional logging output above.
24 verbose exit [ 1, true ]
